<?xml version="1.0" encoding="UTF-8"?>
<!-- Generated by org.testng.reporters.JUnitReportReporter -->
<testsuite hostname="Venkatesan" failures="0" tests="1" name="com.OrangeHRM.testcases.Logintest" time="55.374" errors="0" timestamp="2024-11-21T14:04:45 IST" skipped="0">
  <testcase classname="com.OrangeHRM.testcases.Logintest" name="TC001_logintest" time="55.374"/>
</testsuite> <!-- com.OrangeHRM.testcases.Logintest -->
