<?xml version="1.0" encoding="UTF-8"?>
<!-- Generated by org.testng.reporters.JUnitReportReporter -->
<testsuite hostname="Venkatesan" failures="0" tests="1" name="com.OrangeHRM.testcases.NewTest" time="42.992" errors="0" timestamp="2024-10-28T20:36:39 IST" skipped="0">
  <testcase classname="com.OrangeHRM.testcases.NewTest" name="TC002_newtest" time="42.992"/>
</testsuite> <!-- com.OrangeHRM.testcases.NewTest -->
