<?xml version="1.0" encoding="UTF-8"?>
<!-- Generated by org.testng.reporters.JUnitReportReporter -->
<testsuite hostname="Venkatesan" failures="0" tests="4" name="com.OrangeHRM.testcases.SearchProductAndAddProduct" time="100.268" errors="0" timestamp="2024-11-23T10:40:13 IST" skipped="0">
  <testcase classname="com.OrangeHRM.testcases.SearchProductAndAddProduct" name="TC05_SearchandAddpdt" time="20.254"/>
  <testcase classname="com.OrangeHRM.testcases.SearchProductAndAddProduct" name="TC05_SearchandAddpdt" time="25.196"/>
  <testcase classname="com.OrangeHRM.testcases.SearchProductAndAddProduct" name="TC05_SearchandAddpdt" time="22.610"/>
  <testcase classname="com.OrangeHRM.testcases.SearchProductAndAddProduct" name="TC05_SearchandAddpdt" time="32.208"/>
</testsuite> <!-- com.OrangeHRM.testcases.SearchProductAndAddProduct -->
